<?xml version="1.0" encoding="UTF-8"?>
<!-- Generated by org.testng.reporters.JUnitReportReporter -->
<testsuite skipped="0" hostname="DESKTOP-MUQUGSJ" name="com.a3hp.automationpracticee.framework.test.createaccountandlogin.RegistrationTest" tests="4" failures="0" timestamp="29 Oct 2018 16:35:36 GMT" time="453.443" errors="0">
  <testcase name="validatePageHeading_RP" time="68.544" classname="com.a3hp.automationpracticee.framework.test.createaccountandlogin.RegistrationTest"/>
  <testcase name="validatePageHeading_RP" time="165.792" classname="com.a3hp.automationpracticee.framework.test.createaccountandlogin.RegistrationTest"/>
  <testcase name="validateBreadcrumbText_RP" time="67.103" classname="com.a3hp.automationpracticee.framework.test.createaccountandlogin.RegistrationTest"/>
  <testcase name="validateBreadcrumbText_RP" time="152.004" classname="com.a3hp.automationpracticee.framework.test.createaccountandlogin.RegistrationTest"/>
</testsuite> <!-- com.a3hp.automationpracticee.framework.test.createaccountandlogin.RegistrationTest -->
